
==================================================
Date: 2026-07-01T06:56:18.761Z
To: krishna@gmail.com
Subject: Email Verification - Food Platform
Message: Please verify your email by clicking: http://localhost:555/verify-email/22da732db8cf7a7fabb91dcf2125c68c5b523a26
==================================================


==================================================
Date: 2026-07-01T07:00:29.966Z
To: gkushwaha906@gmail.com
Subject: Email Verification - Food Platform
Message: Please verify your email by clicking: http://localhost:555/verify-email/c0444158763710dd236ba808342ce0244dd01475
==================================================


==================================================
Date: 2026-07-02T04:38:01.704Z
To: narutouzumak54xxx@gmail.com
Subject: Email Verification - Food Platform
Message: Please verify your email by clicking: http://localhost:555/verify-email/630dda5fb97b807b8164b4540cd52b0955913b3a
==================================================


==================================================
Date: 2026-07-02T08:21:21.035Z
To: narutouzumak54xxx@gmail.com
Subject: Password Reset Request - Food Platform
Message: Reset your password here: http://localhost:555/reset-password?token=5626af9269b1469643648f4d9554df721137d64a (Valid for 10 minutes)
==================================================


==================================================
Date: 2026-07-02T08:30:42.284Z
To: narutouzumak54xxx@gmail.com
Subject: Password Reset Request
Message: Reset your password here: http://localhost:555/reset-password?token=5ecedef7a6aa6f18d30763ea873e0ed74a7f2e96 (Valid for 10 minutes)
==================================================

